<?xml version="1.0" encoding="UTF-8"?>
<!-- Generated by org.testng.reporters.JUnitReportReporter -->
<testsuite hostname="VIJAY" failures="0" tests="1" name="courseEndProject.Assignment003" time="3.043" errors="0" timestamp="2023-11-11T10:24:17 IST" skipped="0">
  <testcase classname="courseEndProject.Assignment003" name="assignment003User" time="3.043"/>
  <system-out/>
</testsuite> <!-- courseEndProject.Assignment003 -->
