<?xml version="1.0" encoding="UTF-8"?>
<!-- Generated by org.testng.reporters.JUnitReportReporter -->
<testsuite hostname="VIJAY" failures="0" tests="1" name="courseEndProject.Assignment006" time="3.174" errors="0" timestamp="2023-11-11T11:20:17 IST" skipped="0">
  <testcase classname="courseEndProject.Assignment006" name="assignment006Logout" time="3.174"/>
  <system-out/>
</testsuite> <!-- courseEndProject.Assignment006 -->
