<?xml version="1.0" encoding="UTF-8"?>
<!-- Generated by org.testng.reporters.JUnitReportReporter -->
<testsuite hostname="VIJAY" failures="0" tests="3" name="courseEndProject.Assignment001" time="6.353" errors="0" timestamp="2023-11-12T18:30:57 IST" skipped="0">
  <testcase classname="courseEndProject.Assignment001" name="assignment001Post" time="3.296"/>
  <system-out/>
  <testcase classname="courseEndProject.Assignment001" name="assignment001Get" time="1.560"/>
  <system-out/>
  <testcase classname="courseEndProject.Assignment001" name="assignment001Delete" time="1.497"/>
  <system-out/>
</testsuite> <!-- courseEndProject.Assignment001 -->
