<?xml version="1.0" encoding="UTF-8"?>
<!-- Generated by org.testng.reporters.JUnitReportReporter -->
<testsuite hostname="VIJAY" failures="0" tests="1" name="courseEndProject.Assignment004" time="2.956" errors="0" timestamp="2023-11-11T10:50:52 IST" skipped="0">
  <testcase classname="courseEndProject.Assignment004" name="assignment004login" time="2.956"/>
  <system-out/>
</testsuite> <!-- courseEndProject.Assignment004 -->
