<?xml version="1.0" encoding="UTF-8"?>
<!-- Generated by org.testng.reporters.JUnitReportReporter -->
<testsuite hostname="VIJAY" failures="0" tests="1" name="courseEndProject.Assignment005" time="3.574" errors="0" timestamp="2023-11-11T10:44:15 IST" skipped="0">
  <testcase classname="courseEndProject.Assignment005" name="assignment005FindByStatus" time="3.574"/>
  <system-out/>
</testsuite> <!-- courseEndProject.Assignment005 -->
