<?xml version="1.0" encoding="UTF-8"?>
<!-- Generated by org.testng.reporters.JUnitReportReporter -->
<testsuite hostname="VIJAY" failures="0" tests="2" name="courseEndProject.Assignment002" time="5.081" errors="0" timestamp="2023-11-12T18:32:03 IST" skipped="0">
  <testcase classname="courseEndProject.Assignment002" name="assignment002Post" time="3.488"/>
  <system-out/>
  <testcase classname="courseEndProject.Assignment002" name="assignment002Put" time="1.593"/>
  <system-out/>
</testsuite> <!-- courseEndProject.Assignment002 -->
